<?xml version="1.0" encoding="UTF-8"?>
<testsuite name="com.work.activitytracker.core.ui.SportRecordCardTest" tests="4" skipped="0" failures="0" errors="0" timestamp="2026-04-02T07:55:26.345Z" hostname="Dimas-MacBook-Pro.local" time="2.232">
  <properties/>
  <testcase name="sportRecordCard_remote_dark" classname="com.work.activitytracker.core.ui.SportRecordCardTest" time="2.007"/>
  <testcase name="sportRecordCard_local" classname="com.work.activitytracker.core.ui.SportRecordCardTest" time="0.087"/>
  <testcase name="sportRecordCard_local_dark" classname="com.work.activitytracker.core.ui.SportRecordCardTest" time="0.069"/>
  <testcase name="sportRecordCard_remote" classname="com.work.activitytracker.core.ui.SportRecordCardTest" time="0.069"/>
  <system-out><![CDATA[]]></system-out>
  <system-err><![CDATA[Apr 02, 2026 9:55:27 AM app.cash.paparazzi.internal.PaparazziLogger logAndroidFramework
INFO: SystemFonts [2]: Loading font config from /Users/mac_comp/.gradle/caches/8.13/transforms/d4b32cdf5fd2a7ffcb498309a878ed88/transformed/layoutlib-runtime-15.1.4-mac-arm/data/fonts/fonts.xml
Apr 02, 2026 9:55:27 AM app.cash.paparazzi.internal.PaparazziLogger logAndroidFramework
INFO: SystemFonts [2]: Loading font config from /Users/mac_comp/.gradle/caches/8.13/transforms/d4b32cdf5fd2a7ffcb498309a878ed88/transformed/layoutlib-runtime-15.1.4-mac-arm/data/fonts/font_fallback.xml
Apr 02, 2026 9:55:27 AM app.cash.paparazzi.internal.PaparazziLogger logAndroidFramework
INFO: java [4]: Unable to find pattern file or unable to map it for am
Apr 02, 2026 9:55:28 AM app.cash.paparazzi.internal.PaparazziLogger logAndroidFramework
INFO: Settings [3]: Can't get key animator_duration_scale from content://settings/global
Apr 02, 2026 9:55:28 AM app.cash.paparazzi.internal.PaparazziLogger logAndroidFramework
INFO: Settings [3]: Can't get key animator_duration_scale from content://settings/global
Apr 02, 2026 9:55:28 AM app.cash.paparazzi.internal.PaparazziLogger logAndroidFramework
INFO: Settings [3]: Can't get key animator_duration_scale from content://settings/global
Apr 02, 2026 9:55:28 AM app.cash.paparazzi.internal.PaparazziLogger logAndroidFramework
INFO: Settings [3]: Can't get key animator_duration_scale from content://settings/global
]]></system-err>
</testsuite>
